L 06/18/2014 - 17:35:25: "RazeTheRoof<5><STEAM_0:1:52953379><>" connected, address "75.17.108.181:27005"
L 06/18/2014 - 17:35:25: "RazeTheRoof<5><STEAM_0:1:52953379><>" STEAM USERID validated
L 06/18/2014 - 17:35:55: "RazeTheRoof<5><STEAM_0:1:52953379><>" entered the game
L 06/18/2014 - 17:36:03: "RazeTheRoof<5><STEAM_0:1:52953379><Unassigned>" joined team "Blue"
L 06/18/2014 - 17:36:40: "RazeTheRoof<5><STEAM_0:1:52953379><Blue>" changed role to "heavyweapons"
L 06/18/2014 - 17:36:45: World triggered "Round_Start"
L 06/18/2014 - 17:36:45: World triggered "Round_Setup_Begin"
L 06/18/2014 - 17:36:45: World triggered "Mini_Round_Selected" (round "Round_A")
L 06/18/2014 - 17:36:45: World triggered "Mini_Round_Start"
L 06/18/2014 - 17:37:23: "RazeTheRoof<5><STEAM_0:1:52953379><Blue>" say "Hello?"
L 06/18/2014 - 17:37:55: World triggered "Round_Setup_End"
L 06/18/2014 - 17:38:52: "RazeTheRoof<5><STEAM_0:1:52953379><Blue>" disconnected (reason "Disconnect by user.")
L 06/18/2014 - 17:43:45: World triggered "Mini_Round_Win" (winner "Red") (round "Round_A")
L 06/18/2014 - 17:43:45: World triggered "Mini_Round_Length" (seconds "420.03")
L 06/18/2014 - 17:43:45: World triggered "Round_Win" (winner "Red")
L 06/18/2014 - 17:43:45: Team "Red" current score "0" with "0" players
L 06/18/2014 - 17:43:45: Team "Blue" current score "0" with "0" players
L 06/18/2014 - 17:43:53: World triggered "Round_Start"
L 06/18/2014 - 17:43:53: World triggered "Round_Setup_Begin"
L 06/18/2014 - 17:43:53: World triggered "Mini_Round_Selected" (round "Round_A")
L 06/18/2014 - 17:43:53: World triggered "Mini_Round_Start"
L 06/18/2014 - 17:45:03: World triggered "Round_Setup_End"
L 06/18/2014 - 17:50:53: World triggered "Mini_Round_Win" (winner "Red") (round "Round_A")
L 06/18/2014 - 17:50:53: World triggered "Mini_Round_Length" (seconds "420.03")
L 06/18/2014 - 17:50:53: World triggered "Round_Win" (winner "Red")
L 06/18/2014 - 17:50:53: Team "Red" current score "0" with "0" players
L 06/18/2014 - 17:50:53: Team "Blue" current score "0" with "0" players
L 06/18/2014 - 17:51:01: World triggered "Round_Start"
L 06/18/2014 - 17:51:01: World triggered "Round_Setup_Begin"
L 06/18/2014 - 17:51:01: World triggered "Mini_Round_Selected" (round "Round_A")
L 06/18/2014 - 17:51:01: World triggered "Mini_Round_Start"
L 06/18/2014 - 17:52:11: World triggered "Round_Setup_End"
L 06/18/2014 - 17:54:09: Sending CMsgGameServerMatchmakingStatus (state=ServerMatchmakingState_NOT_PARTICIPATING)
L 06/18/2014 - 17:54:09: server_cvar: "sm_nextmap" "pl_frontier_final"
L 06/18/2014 - 17:54:11: Connection to Steam servers successful.
L 06/18/2014 - 17:54:11:    Public IP is 80.240.134.134.
L 06/18/2014 - 17:54:11: Assigned anonymous gameserver Steam ID [A-1:3753174016(4393)].
L 06/18/2014 - 17:54:11: VAC secure mode is activated.
L 06/18/2014 - 17:54:11: tf_server_identity_account_id not set; not logging into registered account
L 06/18/2014 - 17:55:24: Sending CMsgGameServerMatchmakingStatus (state=ServerMatchmakingState_NOT_PARTICIPATING)
L 06/18/2014 - 17:55:24: server_cvar: "sm_nextmap" "pl_frontier_final"
L 06/18/2014 - 17:55:26: Connection to Steam servers successful.
L 06/18/2014 - 17:55:26:    Public IP is 80.240.134.134.
L 06/18/2014 - 17:55:26: Assigned anonymous gameserver Steam ID [A-1:3753731076(4393)].
L 06/18/2014 - 17:55:27: VAC secure mode is activated.
L 06/18/2014 - 17:55:27: tf_server_identity_account_id not set; not logging into registered account
L 06/18/2014 - 17:56:59: Sending CMsgGameServerMatchmakingStatus (state=ServerMatchmakingState_NOT_PARTICIPATING)
L 06/18/2014 - 17:56:59: server_cvar: "sm_nextmap" "pl_frontier_final"
L 06/18/2014 - 17:57:01: Connection to Steam servers successful.
L 06/18/2014 - 17:57:01:    Public IP is 80.240.134.134.
L 06/18/2014 - 17:57:01: Assigned anonymous gameserver Steam ID [A-1:3800465416(4393)].
L 06/18/2014 - 17:57:02: VAC secure mode is activated.
L 06/18/2014 - 17:57:02: tf_server_identity_account_id not set; not logging into registered account
L 06/18/2014 - 17:57:52: rcon from "192.3.1.53:57980": command "status"
L 06/18/2014 - 18:03:34: rcon from "192.3.1.53:35186": command "status"
L 06/18/2014 - 18:03:55: rcon from "192.3.1.53:35490": command "users"
L 06/18/2014 - 18:03:58: rcon from "192.3.1.53:35531": command "maps *"
L 06/18/2014 - 18:04:24: rcon from "192.3.1.53:35970": command "mp_scrambleteams"
L 06/18/2014 - 18:05:39: "THEM<2><BOT><>" connected, address "none"
L 06/18/2014 - 18:05:39: "<2><BOT><>" entered the game
L 06/18/2014 - 18:05:39: "THEM<2><BOT><Unassigned>" joined team "Red"
L 06/18/2014 - 18:05:39: "THEM<2><BOT><Red>" changed role to "scout"
L 06/18/2014 - 18:05:39: rcon from "192.3.1.53:37073": command "tf_bot_add"
L 06/18/2014 - 18:05:39: "THEM<2><BOT><Red>" joined team "Spectator"
L 06/18/2014 - 18:05:39: "THEM<2><BOT><Spectator>" joined team "Blue"
L 06/18/2014 - 18:05:40: "THEM<2><BOT><Blue>" disconnected (reason "Kicked from server")
L 06/18/2014 - 18:05:44: "LOS LOS LOS<3><BOT><>" connected, address "none"
L 06/18/2014 - 18:05:44: "<3><BOT><>" entered the game
L 06/18/2014 - 18:05:44: "LOS LOS LOS<3><BOT><Unassigned>" joined team "Blue"
L 06/18/2014 - 18:05:44: "LOS LOS LOS<3><BOT><Blue>" changed role to "scout"
L 06/18/2014 - 18:05:44: rcon from "192.3.1.53:37126": command "tf_bot_add"
L 06/18/2014 - 18:05:44: server_cvar: "tf_bot_count" "1"
L 06/18/2014 - 18:05:44: server_cvar: "sv_tags" "bots,cp"
L 06/18/2014 - 18:05:45: "LOS LOS LOS<3><BOT><Blue>" disconnected (reason "Kicked from server")
L 06/18/2014 - 18:05:47: "10001011101<4><BOT><>" connected, address "none"
L 06/18/2014 - 18:05:47: "<4><BOT><>" entered the game
L 06/18/2014 - 18:05:47: "10001011101<4><BOT><Unassigned>" joined team "Blue"
L 06/18/2014 - 18:05:47: "10001011101<4><BOT><Blue>" changed role to "scout"
L 06/18/2014 - 18:05:47: rcon from "192.3.1.53:37162": command "tf_bot_add"
L 06/18/2014 - 18:05:48: "10001011101<4><BOT><Blue>" disconnected (reason "Kicked from server")
L 06/18/2014 - 18:05:49: server_cvar: "tf_bot_count" "0"
L 06/18/2014 - 18:05:49: server_cvar: "sv_tags" "cp"
L 06/18/2014 - 18:05:49: server_cvar: "sv_tags" "cp"
L 06/18/2014 - 18:05:49: "DeadHead<5><BOT><>" connected, address "none"
L 06/18/2014 - 18:05:49: "<5><BOT><>" entered the game
L 06/18/2014 - 18:05:49: "DeadHead<5><BOT><Unassigned>" joined team "Blue"
L 06/18/2014 - 18:05:49: "DeadHead<5><BOT><Blue>" changed role to "scout"
L 06/18/2014 - 18:05:49: rcon from "192.3.1.53:37192": command "tf_bot_add"
L 06/18/2014 - 18:05:50: "DeadHead<5><BOT><Blue>" disconnected (reason "Kicked from server")
L 06/18/2014 - 18:05:51: "ZAWMBEEZ<6><BOT><>" connected, address "none"
L 06/18/2014 - 18:05:51: "<6><BOT><>" entered the game
L 06/18/2014 - 18:05:51: "ZAWMBEEZ<6><BOT><Unassigned>" joined team "Blue"
L 06/18/2014 - 18:05:51: "ZAWMBEEZ<6><BOT><Blue>" changed role to "scout"
L 06/18/2014 - 18:05:51: rcon from "192.3.1.53:37241": command "tf_bot_add"
L 06/18/2014 - 18:05:52: World triggered "Round_Start"
L 06/18/2014 - 18:05:52: World triggered "Round_Setup_Begin"
L 06/18/2014 - 18:05:52: "ZAWMBEEZ<6><BOT><Blue>" disconnected (reason "Kicked from server")
L 06/18/2014 - 18:05:54: "MindlessElectrons<7><BOT><>" connected, address "none"
L 06/18/2014 - 18:05:54: "<7><BOT><>" entered the game
L 06/18/2014 - 18:05:54: "MindlessElectrons<7><BOT><Unassigned>" joined team "Blue"
L 06/18/2014 - 18:05:54: "MindlessElectrons<7><BOT><Blue>" changed role to "scout"
L 06/18/2014 - 18:05:54: rcon from "192.3.1.53:37282": command "tf_bot_add"
L 06/18/2014 - 18:05:55: "MindlessElectrons<7><BOT><Blue>" disconnected (reason "Kicked from server")
L 06/18/2014 - 18:05:59: rcon from "192.3.1.53:37361": command "users"
L 06/18/2014 - 18:06:02: rcon from "192.3.1.53:37433": command "status"
L 06/18/2014 - 18:07:07: World triggered "Round_Setup_End"
L 06/18/2014 - 18:07:39: "TAAAAANK!<8><BOT><>" connected, address "none"
L 06/18/2014 - 18:07:39: "<8><BOT><>" entered the game
L 06/18/2014 - 18:07:39: "TAAAAANK!<8><BOT><Unassigned>" joined team "Blue"
L 06/18/2014 - 18:07:39: "TAAAAANK!<8><BOT><Blue>" changed role to "scout"
L 06/18/2014 - 18:07:39: "The Freeman<9><BOT><>" connected, address "none"
L 06/18/2014 - 18:07:39: "<9><BOT><>" entered the game
L 06/18/2014 - 18:07:39: "The Freeman<9><BOT><Unassigned>" joined team "Red"
L 06/18/2014 - 18:07:39: "The Freeman<9><BOT><Red>" changed role to "engineer"
L 06/18/2014 - 18:07:40: "Black Mesa<10><BOT><>" connected, address "none"
L 06/18/2014 - 18:07:40: "<10><BOT><>" entered the game
L 06/18/2014 - 18:07:40: "Black Mesa<10><BOT><Unassigned>" joined team "Blue"
L 06/18/2014 - 18:07:40: "Black Mesa<10><BOT><Blue>" changed role to "soldier"
L 06/18/2014 - 18:07:40: "Soulless<11><BOT><>" connected, address "none"
L 06/18/2014 - 18:07:40: "<11><BOT><>" entered the game
L 06/18/2014 - 18:07:40: "Soulless<11><BOT><Unassigned>" joined team "Red"
L 06/18/2014 - 18:07:40: "Soulless<11><BOT><Red>" changed role to "soldier"
L 06/18/2014 - 18:07:40: "CEDA<12><BOT><>" connected, address "none"
L 06/18/2014 - 18:07:40: "<12><BOT><>" entered the game
L 06/18/2014 - 18:07:40: "CEDA<12><BOT><Unassigned>" joined team "Blue"
L 06/18/2014 - 18:07:40: "CEDA<12><BOT><Blue>" changed role to "pyro"
L 06/18/2014 - 18:07:40: "BeepBeepBoop<13><BOT><>" connected, address "none"
L 06/18/2014 - 18:07:40: "<13><BOT><>" entered the game
L 06/18/2014 - 18:07:40: "BeepBeepBoop<13><BOT><Unassigned>" joined team "Red"
L 06/18/2014 - 18:07:40: "BeepBeepBoop<13><BOT><Red>" changed role to "heavyweapons"
L 06/18/2014 - 18:07:40: "NotMe<14><BOT><>" connected, address "none"
L 06/18/2014 - 18:07:40: "<14><BOT><>" entered the game
L 06/18/2014 - 18:07:40: "NotMe<14><BOT><Unassigned>" joined team "Blue"
L 06/18/2014 - 18:07:40: "NotMe<14><BOT><Blue>" changed role to "medic"
L 06/18/2014 - 18:07:40: "CreditToTeam<15><BOT><>" connected, address "none"
L 06/18/2014 - 18:07:40: "<15><BOT><>" entered the game
L 06/18/2014 - 18:07:40: "CreditToTeam<15><BOT><Unassigned>" joined team "Red"
L 06/18/2014 - 18:07:40: "CreditToTeam<15><BOT><Red>" changed role to "medic"
L 06/18/2014 - 18:07:40: "BoomerBile<16><BOT><>" connected, address "none"
L 06/18/2014 - 18:07:40: "<16><BOT><>" entered the game
L 06/18/2014 - 18:07:40: "BoomerBile<16><BOT><Unassigned>" joined team "Blue"
L 06/18/2014 - 18:07:40: "BoomerBile<16><BOT><Blue>" changed role to "soldier"
L 06/18/2014 - 18:07:40: "Someone Else<17><BOT><>" connected, address "none"
L 06/18/2014 - 18:07:40: "<17><BOT><>" entered the game
L 06/18/2014 - 18:07:40: "Someone Else<17><BOT><Unassigned>" joined team "Red"
L 06/18/2014 - 18:07:40: "Someone Else<17><BOT><Red>" changed role to "sniper"
L 06/18/2014 - 18:07:40: rcon from "192.3.1.53:39079": command "tf_bot_add 10"
L 06/18/2014 - 18:07:40: "TAAAAANK!<8><BOT><Blue>" disconnected (reason "Kicked from server")
L 06/18/2014 - 18:07:41: "The Freeman<9><BOT><Red>" disconnected (reason "Kicked from server")
L 06/18/2014 - 18:07:41: "Black Mesa<10><BOT><Blue>" disconnected (reason "Kicked from server")
L 06/18/2014 - 18:07:41: "Soulless<11><BOT><Red>" disconnected (reason "Kicked from server")
L 06/18/2014 - 18:07:42: "CEDA<12><BOT><Blue>" disconnected (reason "Kicked from server")
L 06/18/2014 - 18:07:42: "BeepBeepBoop<13><BOT><Red>" disconnected (reason "Kicked from server")
L 06/18/2014 - 18:07:42: "NotMe<14><BOT><Blue>" disconnected (reason "Kicked from server")
L 06/18/2014 - 18:07:42: "CreditToTeam<15><BOT><Red>" disconnected (reason "Kicked from server")
L 06/18/2014 - 18:07:43: "BoomerBile<16><BOT><Blue>" disconnected (reason "Kicked from server")
L 06/18/2014 - 18:07:43: "Someone Else<17><BOT><Red>" disconnected (reason "Kicked from server")
L 06/18/2014 - 18:08:51: rcon from "192.3.1.53:40317": command "bot_quota 10"
L 06/18/2014 - 18:09:28: rcon from "192.3.1.53:40975": command "tf_bot_quota 10"
L 06/18/2014 - 18:09:42: "Mann Co.<18><BOT><>" connected, address "none"
L 06/18/2014 - 18:09:42: "<18><BOT><>" entered the game
L 06/18/2014 - 18:09:42: "Mann Co.<18><BOT><Unassigned>" joined team "Blue"
L 06/18/2014 - 18:09:42: "Mann Co.<18><BOT><Blue>" changed role to "scout"
L 06/18/2014 - 18:09:42: "Dog<19><BOT><>" connected, address "none"
L 06/18/2014 - 18:09:42: "<19><BOT><>" entered the game
L 06/18/2014 - 18:09:42: "Dog<19><BOT><Unassigned>" joined team "Red"
L 06/18/2014 - 18:09:42: "Dog<19><BOT><Red>" changed role to "engineer"
L 06/18/2014 - 18:09:42: "Kaboom!<20><BOT><>" connected, address "none"
L 06/18/2014 - 18:09:42: "<20><BOT><>" entered the game
L 06/18/2014 - 18:09:42: "Kaboom!<20><BOT><Unassigned>" joined team "Blue"
L 06/18/2014 - 18:09:42: "Kaboom!<20><BOT><Blue>" changed role to "soldier"
L 06/18/2014 - 18:09:42: "AmNot<21><BOT><>" connected, address "none"
L 06/18/2014 - 18:09:42: "<21><BOT><>" entered the game
L 06/18/2014 - 18:09:42: "AmNot<21><BOT><Unassigned>" joined team "Red"
L 06/18/2014 - 18:09:42: "AmNot<21><BOT><Red>" changed role to "engineer"
L 06/18/2014 - 18:09:42: "0xDEADBEEF<22><BOT><>" connected, address "none"
L 06/18/2014 - 18:09:42: "<22><BOT><>" entered the game
L 06/18/2014 - 18:09:42: "0xDEADBEEF<22><BOT><Unassigned>" joined team "Blue"
L 06/18/2014 - 18:09:42: "0xDEADBEEF<22><BOT><Blue>" changed role to "scout"
L 06/18/2014 - 18:09:42: "HI THERE<23><BOT><>" connected, address "none"
L 06/18/2014 - 18:09:42: "<23><BOT><>" entered the game
L 06/18/2014 - 18:09:42: "HI THERE<23><BOT><Unassigned>" joined team "Red"
L 06/18/2014 - 18:09:42: "HI THERE<23><BOT><Red>" changed role to "soldier"
L 06/18/2014 - 18:09:42: "SomeDude<24><BOT><>" connected, address "none"
L 06/18/2014 - 18:09:42: "<24><BOT><>" entered the game
L 06/18/2014 - 18:09:42: "SomeDude<24><BOT><Unassigned>" joined team "Blue"
L 06/18/2014 - 18:09:42: "SomeDude<24><BOT><Blue>" changed role to "medic"
L 06/18/2014 - 18:09:42: "GLaDOS<25><BOT><>" connected, address "none"
L 06/18/2014 - 18:09:42: "<25><BOT><>" entered the game
L 06/18/2014 - 18:09:42: "GLaDOS<25><BOT><Unassigned>" joined team "Red"
L 06/18/2014 - 18:09:42: "GLaDOS<25><BOT><Red>" changed role to "medic"
L 06/18/2014 - 18:09:42: "Hostage<26><BOT><>" connected, address "none"
L 06/18/2014 - 18:09:42: "<26><BOT><>" entered the game
L 06/18/2014 - 18:09:42: "Hostage<26><BOT><Unassigned>" joined team "Blue"
L 06/18/2014 - 18:09:42: "Hostage<26><BOT><Blue>" changed role to "demoman"
L 06/18/2014 - 18:09:42: "Headful of Eyeballs<27><BOT><>" connected, address "none"
L 06/18/2014 - 18:09:42: "<27><BOT><>" entered the game
L 06/18/2014 - 18:09:42: "Headful of Eyeballs<27><BOT><Unassigned>" joined team "Red"
L 06/18/2014 - 18:09:42: "Headful of Eyeballs<27><BOT><Red>" changed role to "sniper"
L 06/18/2014 - 18:09:42: rcon from "192.3.1.53:41209": command "tf_bot_add 10"
L 06/18/2014 - 18:09:43: "Mann Co.<18><BOT><Blue>" disconnected (reason "Kicked from server")
L 06/18/2014 - 18:09:43: "Dog<19><BOT><Red>" disconnected (reason "Kicked from server")
L 06/18/2014 - 18:09:43: "Kaboom!<20><BOT><Blue>" disconnected (reason "Kicked from server")
L 06/18/2014 - 18:09:43: "AmNot<21><BOT><Red>" disconnected (reason "Kicked from server")
L 06/18/2014 - 18:09:44: "0xDEADBEEF<22><BOT><Blue>" disconnected (reason "Kicked from server")
L 06/18/2014 - 18:09:44: "HI THERE<23><BOT><Red>" disconnected (reason "Kicked from server")
L 06/18/2014 - 18:09:44: "GLaDOS<25><BOT><Red>" disconnected (reason "Kicked from server")
L 06/18/2014 - 18:09:44: server_cvar: "tf_bot_count" "3"
L 06/18/2014 - 18:09:44: server_cvar: "sv_tags" "bots,cp"
L 06/18/2014 - 18:09:44: "SomeDude<24><BOT><Blue>" disconnected (reason "Kicked from server")
L 06/18/2014 - 18:09:45: "Headful of Eyeballs<27><BOT><Red>" disconnected (reason "Kicked from server")
L 06/18/2014 - 18:09:45: "Hostage<26><BOT><Blue>" disconnected (reason "Kicked from server")
L 06/18/2014 - 18:09:49: server_cvar: "tf_bot_count" "0"
L 06/18/2014 - 18:09:49: server_cvar: "sv_tags" "cp"
L 06/18/2014 - 18:09:49: server_cvar: "sv_tags" "cp"
L 06/18/2014 - 18:15:28: "RazeTheRoof<49><STEAM_0:1:52953379><>" connected, address "75.17.108.181:27005"
L 06/18/2014 - 18:15:28: "RazeTheRoof<49><STEAM_0:1:52953379><>" STEAM USERID validated
L 06/18/2014 - 18:15:33: World triggered "Round_Setup_End"
L 06/18/2014 - 18:15:57: "RazeTheRoof<49><STEAM_0:1:52953379><>" entered the game
L 06/18/2014 - 18:16:06: "RazeTheRoof<49><STEAM_0:1:52953379><Unassigned>" joined team "Red"
L 06/18/2014 - 18:16:15: "RazeTheRoof<49><STEAM_0:1:52953379><Red>" changed role to "heavyweapons"
L 06/18/2014 - 18:16:28: "RazeTheRoof<49><STEAM_0:1:52953379><Red>" committed suicide with "world" (attacker_position "-247 926 -1196")
L 06/18/2014 - 18:16:48: "RazeTheRoof<49><STEAM_0:1:52953379><Red>" changed role to "scout"
L 06/18/2014 - 18:17:12: server_cvar: "sv_cheats" "1"
L 06/18/2014 - 18:17:12: rcon from "93.105.177.242:44512": command "sv_cheats 1"
L 06/18/2014 - 18:17:18: rcon from "93.105.177.242:44512": command "nav_edit 1"
L 06/18/2014 - 18:17:40: rcon from "93.105.177.242:44512": command "nav_generate"
L 06/18/2014 - 18:18:16: "RazeTheRoof<49><STEAM_0:1:52953379><Red>" disconnected (reason "Disconnect by user.")
L 06/18/2014 - 18:19:34: [META] Loaded 0 plugins (1 already loaded)
L 06/18/2014 - 18:19:34: [META] Loaded 0 plugins (1 already loaded)
L 06/18/2014 - 18:19:35: Loading map "pl_frontier_final"
L 06/18/2014 - 18:19:35: server cvars start
L 06/18/2014 - 18:19:35: "sm_trade_version" = "1.5.1"
L 06/18/2014 - 18:19:35: "sm_nextmap" = "pl_frontier_final"
L 06/18/2014 - 18:19:35: "sourcemod_version" = "1.5.3"
L 06/18/2014 - 18:19:35: "metamod_version" = "1.10.0V"
L 06/18/2014 - 18:19:35: "tf_playergib" = "1"
L 06/18/2014 - 18:19:35: "tf_allow_player_use" = "0"
L 06/18/2014 - 18:19:35: "tf_mvm_death_penalty" = "0"
L 06/18/2014 - 18:19:35: "sv_maxusrcmdprocessticks" = "24"
L 06/18/2014 - 18:19:35: "mp_teamplay" = "0"
L 06/18/2014 - 18:19:35: "mp_falldamage" = "0"
L 06/18/2014 - 18:19:35: "mp_weaponstay" = "0"
L 06/18/2014 - 18:19:35: "mp_forcerespawn" = "1"
L 06/18/2014 - 18:19:35: "mp_footsteps" = "1"
L 06/18/2014 - 18:19:35: "mp_flashlight" = "0"
L 06/18/2014 - 18:19:35: "mp_autocrosshair" = "1"
L 06/18/2014 - 18:19:35: "decalfrequency" = "30"
L 06/18/2014 - 18:19:35: "mp_teamlist" = "hgrunt;scientist"
L 06/18/2014 - 18:19:35: "mp_allowNPCs" = "1"
L 06/18/2014 - 18:19:35: "sv_alltalk" = "0"
L 06/18/2014 - 18:19:35: "tf_weapon_criticals" = "1"
L 06/18/2014 - 18:19:35: "tf_damage_disablespread" = "0"
L 06/18/2014 - 18:19:35: "tf_player_name_change_time" = "60"
L 06/18/2014 - 18:19:35: "tf_force_holidays_off" = "0"
L 06/18/2014 - 18:19:35: "tf_birthday" = "0"
L 06/18/2014 - 18:19:35: "mp_tournament_stopwatch" = "1"
L 06/18/2014 - 18:19:35: "mp_windifference" = "0"
L 06/18/2014 - 18:19:35: "mp_windifference_min" = "0"
L 06/18/2014 - 18:19:35: "tf_medieval" = "0"
L 06/18/2014 - 18:19:35: "tf_medieval_autorp" = "1"
L 06/18/2014 - 18:19:35: "tf_arena_force_class" = "0"
L 06/18/2014 - 18:19:35: "tf_arena_change_limit" = "1"
L 06/18/2014 - 18:19:35: "tf_arena_override_cap_enable_time" = "-1"
L 06/18/2014 - 18:19:35: "tf_arena_first_blood" = "1"
L 06/18/2014 - 18:19:35: "tf_mvm_min_players_to_start" = "3"
L 06/18/2014 - 18:19:35: "tf_gamemode_arena" = "0"
L 06/18/2014 - 18:19:35: "tf_gamemode_cp" = "1"
L 06/18/2014 - 18:19:35: "tf_gamemode_ctf" = "0"
L 06/18/2014 - 18:19:35: "tf_gamemode_sd" = "0"
L 06/18/2014 - 18:19:35: "tf_gamemode_payload" = "0"
L 06/18/2014 - 18:19:35: "tf_gamemode_mvm" = "0"
L 06/18/2014 - 18:19:35: "tf_bot_count" = "20"
L 06/18/2014 - 18:19:35: "tf_teamtalk" = "1"
L 06/18/2014 - 18:19:35: "tf_ctf_bonus_time" = "10"
L 06/18/2014 - 18:19:35: "tf_maxspeed" = "400"
L 06/18/2014 - 18:19:35: "tf_max_charge_speed" = "750"
L 06/18/2014 - 18:19:35: "tf_use_fixed_weaponspreads" = "0"
L 06/18/2014 - 18:19:35: "tf_overtime_nag" = "0"
L 06/18/2014 - 18:19:35: "mp_respawnwavetime" = "10.0"
L 06/18/2014 - 18:19:35: "mp_tournament" = "0"
L 06/18/2014 - 18:19:35: "mp_highlander" = "0"
L 06/18/2014 - 18:19:35: "tf_arena_preround_time" = "10"
L 06/18/2014 - 18:19:35: "tf_arena_round_time" = "0"
L 06/18/2014 - 18:19:35: "tf_arena_max_streak" = "3"
L 06/18/2014 - 18:19:35: "tf_arena_use_queue" = "1"
L 06/18/2014 - 18:19:35: "mp_maxrounds" = "0"
L 06/18/2014 - 18:19:35: "mp_winlimit" = "0"
L 06/18/2014 - 18:19:35: "mp_disable_respawn_times" = "0"
L 06/18/2014 - 18:19:35: "mp_stalemate_meleeonly" = "0"
L 06/18/2014 - 18:19:35: "mp_forceautoteam" = "0"
L 06/18/2014 - 18:19:35: "mp_autoteambalance" = "0"
L 06/18/2014 - 18:19:35: "mp_stalemate_enable" = "1"
L 06/18/2014 - 18:19:35: "mp_match_end_at_timelimit" = "0"
L 06/18/2014 - 18:19:35: "mp_holiday_nogifts" = "0"
L 06/18/2014 - 18:19:35: "mp_scrambleteams_auto" = "1"
L 06/18/2014 - 18:19:35: "mp_scrambleteams_auto_windifference" = "2"
L 06/18/2014 - 18:19:35: "mp_timelimit" = "30"
L 06/18/2014 - 18:19:35: "mp_fraglimit" = "0"
L 06/18/2014 - 18:19:35: "nextlevel" = ""
L 06/18/2014 - 18:19:35: "sv_gravity" = "800"
L 06/18/2014 - 18:19:35: "sv_stopspeed" = "100"
L 06/18/2014 - 18:19:35: "sv_noclipaccelerate" = "5"
L 06/18/2014 - 18:19:35: "sv_noclipspeed" = "5"
L 06/18/2014 - 18:19:35: "sv_specaccelerate" = "5"
L 06/18/2014 - 18:19:35: "sv_specspeed" = "3"
L 06/18/2014 - 18:19:35: "sv_specnoclip" = "1"
L 06/18/2014 - 18:19:35: "sv_maxspeed" = "320"
L 06/18/2014 - 18:19:35: "sv_accelerate" = "10"
L 06/18/2014 - 18:19:35: "sv_airaccelerate" = "10"
L 06/18/2014 - 18:19:35: "sv_wateraccelerate" = "10"
L 06/18/2014 - 18:19:35: "sv_waterfriction" = "1"
L 06/18/2014 - 18:19:35: "sv_footsteps" = "1"
L 06/18/2014 - 18:19:35: "sv_rollspeed" = "200"
L 06/18/2014 - 18:19:35: "sv_rollangle" = "0"
L 06/18/2014 - 18:19:35: "sv_friction" = "4"
L 06/18/2014 - 18:19:35: "sv_bounce" = "0"
L 06/18/2014 - 18:19:35: "sv_stepsize" = "18"
L 06/18/2014 - 18:19:35: "r_VehicleViewDampen" = "1"
L 06/18/2014 - 18:19:35: "r_JeepViewDampenFreq" = "7.0"
L 06/18/2014 - 18:19:35: "r_JeepViewDampenDamp" = "1.0"
L 06/18/2014 - 18:19:35: "r_JeepViewZHeight" = "10.0"
L 06/18/2014 - 18:19:35: "r_AirboatViewDampenFreq" = "7.0"
L 06/18/2014 - 18:19:35: "r_AirboatViewDampenDamp" = "1.0"
L 06/18/2014 - 18:19:35: "r_AirboatViewZHeight" = "0.0"
L 06/18/2014 - 18:19:35: "mp_friendlyfire" = "0"
L 06/18/2014 - 18:19:35: "mp_fadetoblack" = "0"
L 06/18/2014 - 18:19:35: "tf_mm_servermode" = "0"
L 06/18/2014 - 18:19:35: "tf_mm_strict" = "0"
L 06/18/2014 - 18:19:35: "tf_mm_trusted" = "0"
L 06/18/2014 - 18:19:35: "tf_server_identity_disable_quickplay" = "0"
L 06/18/2014 - 18:19:35: "sv_registration_successful" = "0"
L 06/18/2014 - 18:19:35: "sv_registration_message" = "No account specified"
L 06/18/2014 - 18:19:35: "sv_steamgroup" = ""
L 06/18/2014 - 18:19:35: "sv_cheats" = "1"
L 06/18/2014 - 18:19:35: "sv_pausable" = "0"
L 06/18/2014 - 18:19:35: "sv_contact" = "gutigen@outlook.com"
L 06/18/2014 - 18:19:35: "sv_voiceenable" = "1"
L 06/18/2014 - 18:19:35: "tv_enable" = "0"
L 06/18/2014 - 18:19:35: "deathmatch" = "1"
L 06/18/2014 - 18:19:35: "coop" = "0"
L 06/18/2014 - 18:19:35: "tv_password" = ""
L 06/18/2014 - 18:19:35: "tv_relaypassword" = ""
L 06/18/2014 - 18:19:35: "sv_password" = ""
L 06/18/2014 - 18:19:35: "sv_tags" = "bots,cp"
L 06/18/2014 - 18:19:35: server cvars end
L 06/18/2014 - 18:19:36: Started map "pl_frontier_final" (CRC "4a7ee13f724b4abd41219f056539c53c")
L 06/18/2014 - 18:19:36: Executing dedicated server config file server.cfg
L 06/18/2014 - 18:19:43: server_cvar: "tf_gamemode_cp" "0"
L 06/18/2014 - 18:19:43: server_cvar: "sv_tags" "bots"
L 06/18/2014 - 18:19:43: server_cvar: "sv_tags" "bots"
L 06/18/2014 - 18:19:43: server_cvar: "tf_bot_count" "0"
L 06/18/2014 - 18:19:43: server_cvar: "sv_tags" ""
L 06/18/2014 - 18:19:43: server_cvar: "tf_gamemode_payload" "1"
L 06/18/2014 - 18:19:43: server_cvar: "sv_tags" "payload"
L 06/18/2014 - 18:19:43: server_cvar: "sv_tags" "payload"
L 06/18/2014 - 18:19:43: server_cvar: "sv_cheats" "0"
L 06/18/2014 - 18:19:43: server_cvar: "sm_nextmap" "plr_nightfall_final"
L 06/18/2014 - 18:20:25: "gutigen o)<28><STEAM_0:1:37330063><>" entered the game
L 06/18/2014 - 18:21:02: "gutigen o)<28><STEAM_0:1:37330063><Unassigned>" joined team "Blue"
L 06/18/2014 - 18:21:03: "Ribs Grow Back<50><BOT><>" connected, address "none"
L 06/18/2014 - 18:21:03: "<50><BOT><>" entered the game
L 06/18/2014 - 18:21:03: "Ribs Grow Back<50><BOT><Unassigned>" joined team "Red"
L 06/18/2014 - 18:21:03: "Ribs Grow Back<50><BOT><Red>" changed role to "engineer"
L 06/18/2014 - 18:21:03: "Ribs Grow Back<50><BOT><Red>" changed name to "It's Filthy in There!"
L 06/18/2014 - 18:21:03: "Mega Baboon<51><BOT><>" connected, address "none"
L 06/18/2014 - 18:21:03: "<51><BOT><>" entered the game
L 06/18/2014 - 18:21:03: "Mega Baboon<51><BOT><Unassigned>" joined team "Blue"
L 06/18/2014 - 18:21:03: "Mega Baboon<51><BOT><Blue>" changed role to "scout"
L 06/18/2014 - 18:21:03: "Mega Baboon<51><BOT><Blue>" changed name to "Kill Me"
L 06/18/2014 - 18:21:03: "Chucklenuts<52><BOT><>" connected, address "none"
L 06/18/2014 - 18:21:03: "<52><BOT><>" entered the game
L 06/18/2014 - 18:21:03: "Chucklenuts<52><BOT><Unassigned>" joined team "Red"
L 06/18/2014 - 18:21:03: "Chucklenuts<52><BOT><Red>" changed role to "engineer"
L 06/18/2014 - 18:21:03: "Chucklenuts<52><BOT><Red>" changed name to "CryBaby"
L 06/18/2014 - 18:21:03: "WITCH<53><BOT><>" connected, address "none"
L 06/18/2014 - 18:21:03: "<53><BOT><>" entered the game
L 06/18/2014 - 18:21:03: "WITCH<53><BOT><Unassigned>" joined team "Blue"
L 06/18/2014 - 18:21:03: "WITCH<53><BOT><Blue>" changed role to "pyro"
L 06/18/2014 - 18:21:03: "WITCH<53><BOT><Blue>" changed name to "ThatGuy"
L 06/18/2014 - 18:21:04: "Still Alive<54><BOT><>" connected, address "none"
L 06/18/2014 - 18:21:04: "<54><BOT><>" entered the game
L 06/18/2014 - 18:21:04: "Still Alive<54><BOT><Unassigned>" joined team "Red"
L 06/18/2014 - 18:21:04: "Still Alive<54><BOT><Red>" changed role to "soldier"
L 06/18/2014 - 18:21:04: "Still Alive<54><BOT><Red>" changed name to "Hat-Wearing MAN"
L 06/18/2014 - 18:21:04: server_cvar: "tf_bot_count" "5"
L 06/18/2014 - 18:21:04: server_cvar: "sv_tags" "bots,payload"
L 06/18/2014 - 18:21:04: "Me<55><BOT><>" connected, address "none"
L 06/18/2014 - 18:21:04: "<55><BOT><>" entered the game
L 06/18/2014 - 18:21:04: "Me<55><BOT><Unassigned>" joined team "Blue"
L 06/18/2014 - 18:21:04: "Me<55><BOT><Blue>" changed role to "medic"
L 06/18/2014 - 18:21:04: "Me<55><BOT><Blue>" changed name to "Numnutz"
L 06/18/2014 - 18:21:04: "H@XX0RZ<56><BOT><>" connected, address "none"
L 06/18/2014 - 18:21:04: "<56><BOT><>" entered the game
L 06/18/2014 - 18:21:04: "H@XX0RZ<56><BOT><Unassigned>" joined team "Red"
L 06/18/2014 - 18:21:04: "H@XX0RZ<56><BOT><Red>" changed role to "medic"
L 06/18/2014 - 18:21:04: "H@XX0RZ<56><BOT><Red>" changed name to "The G-Man"
L 06/18/2014 - 18:21:04: "Chell<57><BOT><>" connected, address "none"
L 06/18/2014 - 18:21:04: "<57><BOT><>" entered the game
L 06/18/2014 - 18:21:04: "Chell<57><BOT><Unassigned>" joined team "Blue"
L 06/18/2014 - 18:21:04: "Chell<57><BOT><Blue>" changed role to "heavyweapons"
L 06/18/2014 - 18:21:04: "Chell<57><BOT><Blue>" changed name to "The Combine"
L 06/18/2014 - 18:21:05: "Totally Not A Bot<58><BOT><>" connected, address "none"
L 06/18/2014 - 18:21:05: "<58><BOT><>" entered the game
L 06/18/2014 - 18:21:05: "Totally Not A Bot<58><BOT><Unassigned>" joined team "Red"
L 06/18/2014 - 18:21:05: "Totally Not A Bot<58><BOT><Red>" changed role to "spy"
L 06/18/2014 - 18:21:05: "Totally Not A Bot<58><BOT><Red>" changed name to "Pow!"
L 06/18/2014 - 18:21:05: "Zepheniah Mann<59><BOT><>" connected, address "none"
L 06/18/2014 - 18:21:05: "<59><BOT><>" entered the game
L 06/18/2014 - 18:21:05: "Zepheniah Mann<59><BOT><Unassigned>" joined team "Blue"
L 06/18/2014 - 18:21:05: "Zepheniah Mann<59><BOT><Blue>" changed role to "pyro"
L 06/18/2014 - 18:21:05: "Zepheniah Mann<59><BOT><Blue>" changed name to "THEM"
L 06/18/2014 - 18:21:05: "LOS LOS LOS<60><BOT><>" connected, address "none"
L 06/18/2014 - 18:21:05: "<60><BOT><>" entered the game
L 06/18/2014 - 18:21:05: "LOS LOS LOS<60><BOT><Unassigned>" joined team "Red"
L 06/18/2014 - 18:21:05: "LOS LOS LOS<60><BOT><Red>" changed role to "demoman"
L 06/18/2014 - 18:21:33: World triggered "Round_Start"
L 06/18/2014 - 18:21:33: World triggered "Round_Setup_Begin"
L 06/18/2014 - 18:21:33: World triggered "Mini_Round_Selected" (round "Round_A")
L 06/18/2014 - 18:21:33: World triggered "Mini_Round_Start"
L 06/18/2014 - 18:22:13: "RazeTheRoof<70><STEAM_0:1:52953379><>" connected, address "75.17.108.181:27005"
L 06/18/2014 - 18:22:13: "RazeTheRoof<70><STEAM_0:1:52953379><>" STEAM USERID validated
L 06/18/2014 - 18:22:41: "RazeTheRoof<70><STEAM_0:1:52953379><>" entered the game
L 06/18/2014 - 18:22:43: World triggered "Round_Setup_End"
L 06/18/2014 - 18:22:48: "RazeTheRoof<70><STEAM_0:1:52953379><Unassigned>" joined team "Red"
L 06/18/2014 - 18:22:50: "RazeTheRoof<70><STEAM_0:1:52953379><Red>" changed role to "scout"
L 06/18/2014 - 18:22:59: "gutigen o)<28><STEAM_0:1:37330063><Blue>" say "well bots do not work here too"
L 06/18/2014 - 18:23:09: "gutigen o)<28><STEAM_0:1:37330063><Blue>" say "but thats propably because there are not suppose to"
L 06/18/2014 - 18:23:18: "gutigen o)<28><STEAM_0:1:37330063><Blue>" say "there is no navigation mesh for this map"
L 06/18/2014 - 18:23:25: "RazeTheRoof<70><STEAM_0:1:52953379><Red>" say "yeah theyre just standing there"
L 06/18/2014 - 18:23:46: "gutigen o)<28><STEAM_0:1:37330063><Blue>" say "let me try autobalance"
L 06/18/2014 - 18:23:56: "gutigen o)<28><STEAM_0:1:37330063><Blue>" say "!sm_admin"
L 06/18/2014 - 18:24:53: "RazeTheRoof<70><STEAM_0:1:52953379><Red>" say "did you autobalance?"
L 06/18/2014 - 18:25:45: "RazeTheRoof<70><STEAM_0:1:52953379><Red>" committed suicide with "world" (attacker_position "-3318 1395 -864")
L 06/18/2014 - 18:26:10: "gutigen o)<28><STEAM_0:1:37330063><Blue>" disconnected (reason "gutigen o) timed out")
L 06/18/2014 - 18:26:21: "RazeTheRoof<70><STEAM_0:1:52953379><Red>" disconnected (reason "Disconnect by user.")
L 06/18/2014 - 18:26:21: "It's Filthy in There!<50><BOT><Red>" disconnected (reason "Kicked from server")
L 06/18/2014 - 18:26:21: "Kill Me<51><BOT><Blue>" disconnected (reason "Kicked from server")
L 06/18/2014 - 18:26:21: "CryBaby<52><BOT><Red>" disconnected (reason "Kicked from server")
L 06/18/2014 - 18:26:21: "ThatGuy<53><BOT><Blue>" disconnected (reason "Kicked from server")
L 06/18/2014 - 18:26:22: "Numnutz<55><BOT><Blue>" disconnected (reason "Kicked from server")
L 06/18/2014 - 18:26:22: "Hat-Wearing MAN<54><BOT><Red>" disconnected (reason "Kicked from server")
L 06/18/2014 - 18:26:22: "The G-Man<56><BOT><Red>" disconnected (reason "Kicked from server")
L 06/18/2014 - 18:26:22: "The Combine<57><BOT><Blue>" disconnected (reason "Kicked from server")
L 06/18/2014 - 18:26:23: "Pow!<58><BOT><Red>" disconnected (reason "Kicked from server")
L 06/18/2014 - 18:26:23: "THEM<59><BOT><Blue>" disconnected (reason "Kicked from server")
L 06/18/2014 - 18:26:23: "10001011101<60><BOT><Red>" disconnected (reason "Kicked from server")
L 06/18/2014 - 18:26:23: "ZAWMBEEZ<61><BOT><Blue>" disconnected (reason "Kicked from server")
L 06/18/2014 - 18:26:24: "Black Mesa<63><BOT><Blue>" disconnected (reason "Kicked from server")
L 06/18/2014 - 18:26:24: "TAAAAANK!<62><BOT><Red>" disconnected (reason "Kicked from server")
L 06/18/2014 - 18:26:24: "CEDA<64><BOT><Red>" disconnected (reason "Kicked from server")
L 06/18/2014 - 18:26:24: server_cvar: "tf_bot_count" "5"
L 06/18/2014 - 18:26:24: "NotMe<65><BOT><Blue>" disconnected (reason "Kicked from server")
L 06/18/2014 - 18:26:25: "Mann Co.<67><BOT><Blue>" disconnected (reason "Kicked from server")
L 06/18/2014 - 18:26:25: "BoomerBile<66><BOT><Red>" disconnected (reason "Kicked from server")
L 06/18/2014 - 18:26:25: "Kaboom!<68><BOT><Red>" disconnected (reason "Kicked from server")
L 06/18/2014 - 18:26:26: "0xDEADBEEF<69><BOT><Blue>" disconnected (reason "Kicked from server")
L 06/18/2014 - 18:26:29: server_cvar: "tf_bot_count" "0"
L 06/18/2014 - 18:26:29: server_cvar: "sv_tags" "payload"
L 06/18/2014 - 18:26:29: server_cvar: "sv_tags" "payload"
L 06/18/2014 - 18:28:33: World triggered "Mini_Round_Win" (winner "Red") (round "Round_A")
L 06/18/2014 - 18:28:33: World triggered "Mini_Round_Length" (seconds "420.03")
L 06/18/2014 - 18:28:33: World triggered "Round_Win" (winner "Red")
L 06/18/2014 - 18:28:33: Team "Red" current score "0" with "0" players
L 06/18/2014 - 18:28:33: Team "Blue" current score "0" with "0" players
L 06/18/2014 - 18:28:41: World triggered "Round_Start"
L 06/18/2014 - 18:28:41: World triggered "Round_Setup_Begin"
L 06/18/2014 - 18:28:41: World triggered "Mini_Round_Selected" (round "Round_A")
L 06/18/2014 - 18:28:41: World triggered "Mini_Round_Start"
L 06/18/2014 - 18:29:51: World triggered "Round_Setup_End"
L 06/18/2014 - 18:31:49: Sending CMsgGameServerMatchmakingStatus (state=ServerMatchmakingState_NOT_PARTICIPATING)
L 06/18/2014 - 18:31:49: server_cvar: "sm_nextmap" "pl_frontier_final"
L 06/18/2014 - 18:31:51: Connection to Steam servers successful.
L 06/18/2014 - 18:31:51:    Public IP is 80.240.134.134.
L 06/18/2014 - 18:31:51: Assigned anonymous gameserver Steam ID [A-1:3922294786(4393)].
L 06/18/2014 - 18:31:51: VAC secure mode is activated.
L 06/18/2014 - 18:31:52: tf_server_identity_account_id not set; not logging into registered account
L 06/18/2014 - 18:34:55: rcon from "192.3.1.53:43266": command "tf_bot_join_after_player 0"
L 06/18/2014 - 18:34:55: "HI THERE<71><BOT><>" connected, address "none"
L 06/18/2014 - 18:34:55: "<71><BOT><>" entered the game
L 06/18/2014 - 18:34:55: "HI THERE<71><BOT><Unassigned>" joined team "Blue"
L 06/18/2014 - 18:34:55: "HI THERE<71><BOT><Blue>" changed role to "scout"
L 06/18/2014 - 18:34:55: "HI THERE<71><BOT><Blue>" changed name to "SomeDude"
L 06/18/2014 - 18:34:55: "GLaDOS<72><BOT><>" connected, address "none"
L 06/18/2014 - 18:34:55: "<72><BOT><>" entered the game
L 06/18/2014 - 18:34:55: "GLaDOS<72><BOT><Unassigned>" joined team "Red"
L 06/18/2014 - 18:34:55: "GLaDOS<72><BOT><Red>" changed role to "engineer"
L 06/18/2014 - 18:34:55: "GLaDOS<72><BOT><Red>" changed name to "Hostage"
L 06/18/2014 - 18:34:55: "Headful of Eyeballs<73><BOT><>" connected, address "none"
L 06/18/2014 - 18:34:55: "<73><BOT><>" entered the game
L 06/18/2014 - 18:34:55: "Headful of Eyeballs<73><BOT><Unassigned>" joined team "Blue"
L 06/18/2014 - 18:34:55: "Headful of Eyeballs<73><BOT><Blue>" changed role to "demoman"
L 06/18/2014 - 18:34:55: "Headful of Eyeballs<73><BOT><Blue>" changed name to "CrySomeMore"
L 06/18/2014 - 18:34:56: server_cvar: "tf_bot_count" "3"
L 06/18/2014 - 18:34:56: server_cvar: "sv_tags" "bots,payload"
L 06/18/2014 - 18:34:56: "Aperture Science Prototype XR7<74><BOT><>" connected, address "none"
L 06/18/2014 - 18:34:56: "<74><BOT><>" entered the game
L 06/18/2014 - 18:34:56: "Aperture Science Prototype XR7<74><BOT><Unassigned>" joined team "Red"
L 06/18/2014 - 18:34:56: "Aperture Science Prototype XR7<74><BOT><Red>" changed role to "demoman"
L 06/18/2014 - 18:34:56: "Aperture Science Prototype XR7<74><BOT><Red>" changed name to "Humans Are Weak"
L 06/18/2014 - 18:34:56: "AimBot<75><BOT><>" connected, address "none"
L 06/18/2014 - 18:34:56: "<75><BOT><>" entered the game
L 06/18/2014 - 18:34:56: "AimBot<75><BOT><Unassigned>" joined team "Blue"
L 06/18/2014 - 18:34:56: "AimBot<75><BOT><Blue>" changed role to "scout"
L 06/18/2014 - 18:34:56: "AimBot<75><BOT><Blue>" changed name to "C++"
L 06/18/2014 - 18:34:56: "GutsAndGlory!<76><BOT><>" connected, address "none"
L 06/18/2014 - 18:34:56: "<76><BOT><>" entered the game
L 06/18/2014 - 18:34:56: "GutsAndGlory!<76><BOT><Unassigned>" joined team "Red"
L 06/18/2014 - 18:34:56: "GutsAndGlory!<76><BOT><Red>" changed role to "pyro"
L 06/18/2014 - 18:34:56: "GutsAndGlory!<76><BOT><Red>" changed name to "Nobody"
L 06/18/2014 - 18:34:56: "Saxton Hale<77><BOT><>" connected, address "none"
L 06/18/2014 - 18:34:56: "<77><BOT><>" entered the game
L 06/18/2014 - 18:34:56: "Saxton Hale<77><BOT><Unassigned>" joined team "Blue"
L 06/18/2014 - 18:34:56: "Saxton Hale<77><BOT><Blue>" changed role to "medic"
L 06/18/2014 - 18:34:56: "Saxton Hale<77><BOT><Blue>" changed name to "RageQuit"
L 06/18/2014 - 18:34:57: "Screamin' Eagles<78><BOT><>" connected, address "none"
L 06/18/2014 - 18:34:57: "<78><BOT><>" entered the game
L 06/18/2014 - 18:34:57: "Screamin' Eagles<78><BOT><Unassigned>" joined team "Red"
L 06/18/2014 - 18:34:57: "Screamin' Eagles<78><BOT><Red>" changed role to "medic"
L 06/18/2014 - 18:34:57: "Screamin' Eagles<78><BOT><Red>" changed name to "Ze Ubermensch"
L 06/18/2014 - 18:34:57: "Maggot<79><BOT><>" connected, address "none"
L 06/18/2014 - 18:34:57: "<79><BOT><>" entered the game
L 06/18/2014 - 18:34:57: "Maggot<79><BOT><Unassigned>" joined team "Blue"
L 06/18/2014 - 18:34:57: "Maggot<79><BOT><Blue>" changed role to "spy"
L 06/18/2014 - 18:34:57: "Maggot<79><BOT><Blue>" changed name to "CRITRAWKETS"
L 06/18/2014 - 18:34:57: "Herr Doktor<80><BOT><>" connected, address "none"
L 06/18/2014 - 18:34:57: "<80><BOT><>" entered the game
L 06/18/2014 - 18:34:57: "Herr Doktor<80><BOT><Unassigned>" joined team "Red"
L 06/18/2014 - 18:34:57: "Herr Doktor<80><BOT><Red>" changed role to "heavyweapons"
L 06/18/2014 - 18:34:57: "Herr Doktor<80><BOT><Red>" changed name to "Gentlemanne of Leisure"
L 06/18/2014 - 18:34:57: "Companion Cube<81><BOT><>" connected, address "none"
L 06/18/2014 - 18:34:57: "<81><BOT><>" entered the game
L 06/18/2014 - 18:34:57: "Companion Cube<81><BOT><Unassigned>" joined team "Blue"
L 06/18/2014 - 18:34:57: "Companion Cube<81><BOT><Blue>" changed role to "soldier"
L 06/18/2014 - 18:34:57: "Companion Cube<81><BOT><Blue>" changed name to "Target Practice"
L 06/18/2014 - 18:34:58: "One-Man Cheeseburger Apocalypse<82><BOT><>" connected, address "none"
L 06/18/2014 - 18:34:58: "<82><BOT><>" entered the game
L 06/18/2014 - 18:34:58: "One-Man Cheeseburger Apocalypse<82><BOT><Unassigned>" joined team "Red"
L 06/18/2014 - 18:34:58: "One-Man Cheeseburger Apocalypse<82><BOT><Red>" changed role to "sniper"
L 06/18/2014 - 18:34:58: "One-Man Cheeseburger Apocalypse<82><BOT><Red>" changed name to "Crowbar"
L 06/18/2014 - 18:34:58: "Delicious Cake<83><BOT><>" connected, address "none"
L 06/18/2014 - 18:34:58: "<83><BOT><>" entered the game
L 06/18/2014 - 18:34:58: "Delicious Cake<83><BOT><Unassigned>" joined team "Blue"
L 06/18/2014 - 18:34:58: "Delicious Cake<83><BOT><Blue>" changed role to "sniper"
L 06/18/2014 - 18:34:58: "Delicious Cake<83><BOT><Blue>" changed name to "IvanTheSpaceBiker"
L 06/18/2014 - 18:34:58: "I LIVE!<84><BOT><>" connected, address "none"
L 06/18/2014 - 18:34:58: "<84><BOT><>" entered the game
L 06/18/2014 - 18:34:58: "I LIVE!<84><BOT><Unassigned>" joined team "Red"
L 06/18/2014 - 18:34:58: "I LIVE!<84><BOT><Red>" changed role to "pyro"
L 06/18/2014 - 18:34:58: "I LIVE!<84><BOT><Red>" changed name to "Cannon Fodder"
L 06/18/2014 - 18:34:58: "trigger_hurt<85><BOT><>" connected, address "none"
L 06/18/2014 - 18:34:58: "<85><BOT><>" entered the game
L 06/18/2014 - 18:34:58: "trigger_hurt<85><BOT><Unassigned>" joined team "Blue"
L 06/18/2014 - 18:34:58: "trigger_hurt<85><BOT><Blue>" changed role to "engineer"
L 06/18/2014 - 18:34:58: "trigger_hurt<85><BOT><Blue>" changed name to "Nom Nom Nom"
L 06/18/2014 - 18:34:59: "Divide by Zero<86><BOT><>" connected, address "none"
L 06/18/2014 - 18:34:59: "<86><BOT><>" entered the game
L 06/18/2014 - 18:34:59: "Divide by Zero<86><BOT><Unassigned>" joined team "Red"
L 06/18/2014 - 18:34:59: "Divide by Zero<86><BOT><Red>" changed role to "engineer"
L 06/18/2014 - 18:34:59: "Divide by Zero<86><BOT><Red>" changed name to "GENTLE MANNE of LEISURE"
L 06/18/2014 - 18:34:59: "MoreGun<87><BOT><>" connected, address "none"
L 06/18/2014 - 18:34:59: "<87><BOT><>" entered the game
L 06/18/2014 - 18:34:59: "MoreGun<87><BOT><Unassigned>" joined team "Blue"
L 06/18/2014 - 18:34:59: "MoreGun<87><BOT><Blue>" changed role to "soldier"
L 06/18/2014 - 18:34:59: "MoreGun<87><BOT><Blue>" changed name to "Tiny Baby Man"
L 06/18/2014 - 18:34:59: "Big Mean Muther Hubbard<88><BOT><>" connected, address "none"
L 06/18/2014 - 18:34:59: "<88><BOT><>" entered the game
L 06/18/2014 - 18:34:59: "Big Mean Muther Hubbard<88><BOT><Unassigned>" joined team "Red"
L 06/18/2014 - 18:34:59: "Big Mean Muther Hubbard<88><BOT><Red>" changed role to "demoman"
L 06/18/2014 - 18:34:59: "Big Mean Muther Hubbard<88><BOT><Red>" changed name to "Force of Nature"
L 06/18/2014 - 18:34:59: "Crazed Gunman<89><BOT><>" connected, address "none"
L 06/18/2014 - 18:34:59: "<89><BOT><>" entered the game
L 06/18/2014 - 18:35:00: "Crazed Gunman<89><BOT><Unassigned>" joined team "Blue"
L 06/18/2014 - 18:35:00: "Crazed Gunman<89><BOT><Blue>" changed role to "pyro"
L 06/18/2014 - 18:35:00: "Crazed Gunman<89><BOT><Blue>" changed name to "Grim Bloody Fable"
L 06/18/2014 - 18:35:00: "Poopy Joe<90><BOT><>" connected, address "none"
L 06/18/2014 - 18:35:00: "<90><BOT><>" entered the game
L 06/18/2014 - 18:35:00: "Poopy Joe<90><BOT><Unassigned>" joined team "Red"
L 06/18/2014 - 18:35:00: "Poopy Joe<90><BOT><Red>" changed role to "spy"
L 06/18/2014 - 18:35:00: "Poopy Joe<90><BOT><Red>" changed name to "A Professional With Standards"
L 06/18/2014 - 18:35:01: server_cvar: "tf_bot_count" "20"
L 06/18/2014 - 18:35:18: rcon from "192.3.1.53:43762": command "tf_bot_quota 10"
L 06/18/2014 - 18:35:18: "SomeDude<71><BOT><Blue>" disconnected (reason "Kicked from server")
L 06/18/2014 - 18:35:18: "Hostage<72><BOT><Red>" disconnected (reason "Kicked from server")
L 06/18/2014 - 18:35:19: "Humans Are Weak<74><BOT><Red>" disconnected (reason "Kicked from server")
L 06/18/2014 - 18:35:19: "CrySomeMore<73><BOT><Blue>" disconnected (reason "Kicked from server")
L 06/18/2014 - 18:35:19: "Nobody<76><BOT><Red>" disconnected (reason "Kicked from server")
L 06/18/2014 - 18:35:19: "C++<75><BOT><Blue>" disconnected (reason "Kicked from server")
L 06/18/2014 - 18:35:20: "Ze Ubermensch<78><BOT><Red>" disconnected (reason "Kicked from server")
L 06/18/2014 - 18:35:20: "RageQuit<77><BOT><Blue>" disconnected (reason "Kicked from server")
L 06/18/2014 - 18:35:20: "CRITRAWKETS<79><BOT><Blue>" disconnected (reason "Kicked from server")
L 06/18/2014 - 18:35:20: "Gentlemanne of Leisure<80><BOT><Red>" disconnected (reason "Kicked from server")
L 06/18/2014 - 18:35:21: server_cvar: "tf_bot_count" "10"
L 06/18/2014 - 18:35:26: World triggered "Round_Start"
L 06/18/2014 - 18:35:26: World triggered "Round_Setup_Begin"
L 06/18/2014 - 18:35:26: World triggered "Mini_Round_Selected" (round "Round_A")
L 06/18/2014 - 18:35:26: World triggered "Mini_Round_Start"
L 06/18/2014 - 18:35:30: "Freakin' Unbelievable<91><BOT><>" connected, address "none"
L 06/18/2014 - 18:35:30: "<91><BOT><>" entered the game
L 06/18/2014 - 18:35:30: "Freakin' Unbelievable<91><BOT><Unassigned>" joined team "Blue"
L 06/18/2014 - 18:35:30: "Freakin' Unbelievable<91><BOT><Blue>" changed role to "scout"
L 06/18/2014 - 18:35:30: "SMELLY UNFORTUNATE<92><BOT><>" connected, address "none"
L 06/18/2014 - 18:35:30: "<92><BOT><>" entered the game
L 06/18/2014 - 18:35:30: "SMELLY UNFORTUNATE<92><BOT><Unassigned>" joined team "Red"
L 06/18/2014 - 18:35:30: "SMELLY UNFORTUNATE<92><BOT><Red>" changed role to "medic"
L 06/18/2014 - 18:35:30: "The Administrator<93><BOT><>" connected, address "none"
L 06/18/2014 - 18:35:30: "<93><BOT><>" entered the game
L 06/18/2014 - 18:35:30: "The Administrator<93><BOT><Unassigned>" joined team "Blue"
L 06/18/2014 - 18:35:30: "The Administrator<93><BOT><Blue>" changed role to "medic"
L 06/18/2014 - 18:35:30: "Mentlegen<94><BOT><>" connected, address "none"
L 06/18/2014 - 18:35:30: "<94><BOT><>" entered the game
L 06/18/2014 - 18:35:30: "Mentlegen<94><BOT><Unassigned>" joined team "Red"
L 06/18/2014 - 18:35:30: "Mentlegen<94><BOT><Red>" changed role to "engineer"
L 06/18/2014 - 18:35:30: "Archimedes!<95><BOT><>" connected, address "none"
L 06/18/2014 - 18:35:30: "<95><BOT><>" entered the game
L 06/18/2014 - 18:35:30: "Archimedes!<95><BOT><Unassigned>" joined team "Blue"
L 06/18/2014 - 18:35:30: "Archimedes!<95><BOT><Blue>" changed role to "pyro"
L 06/18/2014 - 18:35:30: rcon from "192.3.1.53:43964": command "tf_bot_add 5"
L 06/18/2014 - 18:35:31: server_cvar: "tf_bot_count" "15"
L 06/18/2014 - 18:35:51: rcon from "192.3.1.53:44398": command "users"
L 06/18/2014 - 18:36:26: rcon from "192.3.1.53:44949": command "mp_scrambleteams"
L 06/18/2014 - 18:36:32: World triggered "Round_Start"
L 06/18/2014 - 18:36:32: World triggered "Round_Setup_Begin"
L 06/18/2014 - 18:36:32: World triggered "Mini_Round_Selected" (round "Round_A")
L 06/18/2014 - 18:36:32: World triggered "Mini_Round_Start"
L 06/18/2014 - 18:36:32: "Grim Bloody Fable<89><BOT><Blue>" joined team "Spectator"
L 06/18/2014 - 18:36:32: "Tiny Baby Man<87><BOT><Blue>" joined team "Spectator"
L 06/18/2014 - 18:36:32: "Nom Nom Nom<85><BOT><Blue>" joined team "Spectator"
L 06/18/2014 - 18:36:32: "IvanTheSpaceBiker<83><BOT><Blue>" joined team "Spectator"
L 06/18/2014 - 18:36:32: "Target Practice<81><BOT><Blue>" joined team "Spectator"
L 06/18/2014 - 18:36:32: "Archimedes!<95><BOT><Blue>" joined team "Spectator"
L 06/18/2014 - 18:36:32: "The Administrator<93><BOT><Blue>" joined team "Spectator"
L 06/18/2014 - 18:36:32: "Freakin' Unbelievable<91><BOT><Blue>" joined team "Spectator"
L 06/18/2014 - 18:36:32: "A Professional With Standards<90><BOT><Red>" joined team "Spectator"
L 06/18/2014 - 18:36:32: "Force of Nature<88><BOT><Red>" joined team "Spectator"
L 06/18/2014 - 18:36:32: "GENTLE MANNE of LEISURE<86><BOT><Red>" joined team "Spectator"
L 06/18/2014 - 18:36:32: "Cannon Fodder<84><BOT><Red>" joined team "Spectator"
L 06/18/2014 - 18:36:32: "Crowbar<82><BOT><Red>" joined team "Spectator"
L 06/18/2014 - 18:36:32: "Mentlegen<94><BOT><Red>" joined team "Spectator"
L 06/18/2014 - 18:36:32: "SMELLY UNFORTUNATE<92><BOT><Red>" joined team "Spectator"
L 06/18/2014 - 18:36:32: "SMELLY UNFORTUNATE<92><BOT><Spectator>" joined team "Blue"
L 06/18/2014 - 18:36:32: "Mentlegen<94><BOT><Spectator>" joined team "Red"
L 06/18/2014 - 18:36:32: "Crowbar<82><BOT><Spectator>" joined team "Blue"
L 06/18/2014 - 18:36:32: "Cannon Fodder<84><BOT><Spectator>" joined team "Red"
L 06/18/2014 - 18:36:32: "GENTLE MANNE of LEISURE<86><BOT><Spectator>" joined team "Blue"
L 06/18/2014 - 18:36:32: "Force of Nature<88><BOT><Spectator>" joined team "Red"
L 06/18/2014 - 18:36:32: "A Professional With Standards<90><BOT><Spectator>" joined team "Blue"
L 06/18/2014 - 18:36:32: "Freakin' Unbelievable<91><BOT><Spectator>" joined team "Red"
L 06/18/2014 - 18:36:32: "The Administrator<93><BOT><Spectator>" joined team "Blue"
L 06/18/2014 - 18:36:32: "Archimedes!<95><BOT><Spectator>" joined team "Red"
L 06/18/2014 - 18:36:32: "Target Practice<81><BOT><Spectator>" joined team "Blue"
L 06/18/2014 - 18:36:32: "IvanTheSpaceBiker<83><BOT><Spectator>" joined team "Red"
L 06/18/2014 - 18:36:32: "Nom Nom Nom<85><BOT><Spectator>" joined team "Blue"
L 06/18/2014 - 18:36:32: "Tiny Baby Man<87><BOT><Spectator>" joined team "Red"
L 06/18/2014 - 18:36:32: "Grim Bloody Fable<89><BOT><Spectator>" joined team "Blue"
L 06/18/2014 - 18:37:26: rcon from "192.3.1.53:46221": command "users"
L 06/18/2014 - 18:37:42: World triggered "Round_Setup_End"
L 06/18/2014 - 18:43:32: World triggered "Mini_Round_Win" (winner "Red") (round "Round_A")
L 06/18/2014 - 18:43:32: World triggered "Mini_Round_Length" (seconds "420.03")
L 06/18/2014 - 18:43:32: World triggered "Round_Win" (winner "Red")
L 06/18/2014 - 18:43:32: Team "Red" current score "0" with "7" players
L 06/18/2014 - 18:43:32: Team "Blue" current score "0" with "8" players
L 06/18/2014 - 18:43:40: World triggered "Round_Start"
L 06/18/2014 - 18:43:40: World triggered "Round_Setup_Begin"
L 06/18/2014 - 18:43:40: World triggered "Mini_Round_Selected" (round "Round_A")
L 06/18/2014 - 18:43:40: World triggered "Mini_Round_Start"
L 06/18/2014 - 18:43:40: "Freakin' Unbelievable<91><BOT><Red>" joined team "Blue"
L 06/18/2014 - 18:43:40: "SMELLY UNFORTUNATE<92><BOT><Blue>" joined team "Red"
L 06/18/2014 - 18:43:40: "The Administrator<93><BOT><Blue>" joined team "Red"
L 06/18/2014 - 18:43:40: "Mentlegen<94><BOT><Red>" joined team "Blue"
L 06/18/2014 - 18:43:40: "Archimedes!<95><BOT><Red>" joined team "Blue"
L 06/18/2014 - 18:43:40: "Target Practice<81><BOT><Blue>" joined team "Red"
L 06/18/2014 - 18:43:40: "Crowbar<82><BOT><Blue>" joined team "Red"
L 06/18/2014 - 18:43:40: "IvanTheSpaceBiker<83><BOT><Red>" joined team "Blue"
L 06/18/2014 - 18:43:40: "Cannon Fodder<84><BOT><Red>" joined team "Blue"
L 06/18/2014 - 18:43:40: "Nom Nom Nom<85><BOT><Blue>" joined team "Red"
L 06/18/2014 - 18:43:40: "GENTLE MANNE of LEISURE<86><BOT><Blue>" joined team "Red"
L 06/18/2014 - 18:43:40: "Tiny Baby Man<87><BOT><Red>" joined team "Blue"
L 06/18/2014 - 18:43:40: "Force of Nature<88><BOT><Red>" joined team "Blue"
L 06/18/2014 - 18:43:40: "Grim Bloody Fable<89><BOT><Blue>" joined team "Red"
L 06/18/2014 - 18:43:40: "A Professional With Standards<90><BOT><Blue>" joined team "Red"
L 06/18/2014 - 18:44:50: World triggered "Round_Setup_End"
L 06/18/2014 - 18:50:40: World triggered "Mini_Round_Win" (winner "Red") (round "Round_A")
L 06/18/2014 - 18:50:40: World triggered "Mini_Round_Length" (seconds "420.03")
L 06/18/2014 - 18:50:40: World triggered "Round_Win" (winner "Red")
L 06/18/2014 - 18:50:40: Team "Red" current score "0" with "8" players
L 06/18/2014 - 18:50:40: Team "Blue" current score "0" with "7" players
L 06/18/2014 - 18:50:48: World triggered "Round_Start"
L 06/18/2014 - 18:50:48: World triggered "Round_Setup_Begin"
L 06/18/2014 - 18:50:48: World triggered "Mini_Round_Selected" (round "Round_A")
L 06/18/2014 - 18:50:48: World triggered "Mini_Round_Start"
L 06/18/2014 - 18:50:48: "Freakin' Unbelievable<91><BOT><Blue>" joined team "Red"
L 06/18/2014 - 18:50:48: "SMELLY UNFORTUNATE<92><BOT><Red>" joined team "Blue"
L 06/18/2014 - 18:50:48: "The Administrator<93><BOT><Red>" joined team "Blue"
L 06/18/2014 - 18:50:48: "Mentlegen<94><BOT><Blue>" joined team "Red"
L 06/18/2014 - 18:50:48: "Archimedes!<95><BOT><Blue>" joined team "Red"
L 06/18/2014 - 18:50:48: "Target Practice<81><BOT><Red>" joined team "Blue"
L 06/18/2014 - 18:50:48: "Crowbar<82><BOT><Red>" joined team "Blue"
L 06/18/2014 - 18:50:48: "IvanTheSpaceBiker<83><BOT><Blue>" joined team "Red"
L 06/18/2014 - 18:50:48: "Cannon Fodder<84><BOT><Blue>" joined team "Red"
L 06/18/2014 - 18:50:48: "Nom Nom Nom<85><BOT><Red>" joined team "Blue"
L 06/18/2014 - 18:50:48: "GENTLE MANNE of LEISURE<86><BOT><Red>" joined team "Blue"
L 06/18/2014 - 18:50:48: "Tiny Baby Man<87><BOT><Blue>" joined team "Red"
L 06/18/2014 - 18:50:48: "Force of Nature<88><BOT><Blue>" joined team "Red"
L 06/18/2014 - 18:50:48: "Grim Bloody Fable<89><BOT><Red>" joined team "Blue"
L 06/18/2014 - 18:50:48: "A Professional With Standards<90><BOT><Red>" joined team "Blue"
L 06/18/2014 - 18:51:58: World triggered "Round_Setup_End"
L 06/18/2014 - 18:55:06: Sending CMsgGameServerMatchmakingStatus (state=ServerMatchmakingState_NOT_PARTICIPATING)
L 06/18/2014 - 18:55:06: server_cvar: "sm_nextmap" "pl_frontier_final"
L 06/18/2014 - 18:55:07: Connection to Steam servers successful.
L 06/18/2014 - 18:55:07:    Public IP is 80.240.134.134.
L 06/18/2014 - 18:55:07: Assigned anonymous gameserver Steam ID [A-1:4110430216(4393)].
L 06/18/2014 - 18:55:07: VAC secure mode is activated.
L 06/18/2014 - 18:55:08: tf_server_identity_account_id not set; not logging into registered account
L 06/18/2014 - 18:55:45: Sending CMsgGameServerMatchmakingStatus (state=ServerMatchmakingState_NOT_PARTICIPATING)
L 06/18/2014 - 18:55:45: server_cvar: "sm_nextmap" "pl_frontier_final"
L 06/18/2014 - 18:55:47: Connection to Steam servers successful.
L 06/18/2014 - 18:55:47:    Public IP is 80.240.134.134.
L 06/18/2014 - 18:55:47: Assigned anonymous gameserver Steam ID [A-1:4110654466(4393)].
L 06/18/2014 - 18:55:47: VAC secure mode is activated.
L 06/18/2014 - 18:55:47: tf_server_identity_account_id not set; not logging into registered account
L 06/18/2014 - 19:28:13: Sending CMsgGameServerMatchmakingStatus (state=ServerMatchmakingState_NOT_PARTICIPATING)
L 06/18/2014 - 19:28:13: server_cvar: "mp_scrambleteams_auto" "0"
L 06/18/2014 - 19:28:13: server_cvar: "sm_nextmap" "cp_dustbowl"
L 06/18/2014 - 19:28:15: Connection to Steam servers successful.
L 06/18/2014 - 19:28:15:    Public IP is 80.240.134.134.
L 06/18/2014 - 19:28:15: Assigned anonymous gameserver Steam ID [A-1:370287616(4394)].
L 06/18/2014 - 19:28:16: VAC secure mode is activated.
L 06/18/2014 - 19:28:16: tf_server_identity_account_id not set; not logging into registered account
L 06/18/2014 - 19:31:06: rcon from "192.3.1.53:40778": command "tf_bot_quota 10"
L 06/18/2014 - 19:31:32: "SomeDude<2><BOT><>" connected, address "none"
L 06/18/2014 - 19:31:32: "<2><BOT><>" entered the game
L 06/18/2014 - 19:31:32: "SomeDude<2><BOT><Unassigned>" joined team "Blue"
L 06/18/2014 - 19:31:32: "SomeDude<2><BOT><Blue>" changed role to "scout"
L 06/18/2014 - 19:31:32: "GLaDOS<3><BOT><>" connected, address "none"
L 06/18/2014 - 19:31:32: "<3><BOT><>" entered the game
L 06/18/2014 - 19:31:32: "GLaDOS<3><BOT><Unassigned>" joined team "Red"
L 06/18/2014 - 19:31:32: "GLaDOS<3><BOT><Red>" changed role to "scout"
L 06/18/2014 - 19:31:32: "Hostage<4><BOT><>" connected, address "none"
L 06/18/2014 - 19:31:32: "<4><BOT><>" entered the game
L 06/18/2014 - 19:31:32: "Hostage<4><BOT><Unassigned>" joined team "Blue"
L 06/18/2014 - 19:31:32: "Hostage<4><BOT><Blue>" changed role to "soldier"
L 06/18/2014 - 19:31:32: "Headful of Eyeballs<5><BOT><>" connected, address "none"
L 06/18/2014 - 19:31:32: "<5><BOT><>" entered the game
L 06/18/2014 - 19:31:32: "Headful of Eyeballs<5><BOT><Unassigned>" joined team "Red"
L 06/18/2014 - 19:31:32: "Headful of Eyeballs<5><BOT><Red>" changed role to "soldier"
L 06/18/2014 - 19:31:32: "CrySomeMore<6><BOT><>" connected, address "none"
L 06/18/2014 - 19:31:32: "<6><BOT><>" entered the game
L 06/18/2014 - 19:31:32: "CrySomeMore<6><BOT><Unassigned>" joined team "Red"
L 06/18/2014 - 19:31:32: "CrySomeMore<6><BOT><Red>" changed role to "scout"
L 06/18/2014 - 19:31:32: "Aperture Science Prototype XR7<7><BOT><>" connected, address "none"
L 06/18/2014 - 19:31:32: "<7><BOT><>" entered the game
L 06/18/2014 - 19:31:32: "Aperture Science Prototype XR7<7><BOT><Unassigned>" joined team "Blue"
L 06/18/2014 - 19:31:32: "Aperture Science Prototype XR7<7><BOT><Blue>" changed role to "scout"
L 06/18/2014 - 19:31:32: "Humans Are Weak<8><BOT><>" connected, address "none"
L 06/18/2014 - 19:31:32: "<8><BOT><>" entered the game
L 06/18/2014 - 19:31:32: "Humans Are Weak<8><BOT><Unassigned>" joined team "Red"
L 06/18/2014 - 19:31:32: "Humans Are Weak<8><BOT><Red>" changed role to "medic"
L 06/18/2014 - 19:31:32: "AimBot<9><BOT><>" connected, address "none"
L 06/18/2014 - 19:31:32: "<9><BOT><>" entered the game
L 06/18/2014 - 19:31:32: "AimBot<9><BOT><Unassigned>" joined team "Blue"
L 06/18/2014 - 19:31:32: "AimBot<9><BOT><Blue>" changed role to "medic"
L 06/18/2014 - 19:31:32: "C++<10><BOT><>" connected, address "none"
L 06/18/2014 - 19:31:32: "<10><BOT><>" entered the game
L 06/18/2014 - 19:31:32: "C++<10><BOT><Unassigned>" joined team "Red"
L 06/18/2014 - 19:31:32: "C++<10><BOT><Red>" changed role to "scout"
L 06/18/2014 - 19:31:32: "GutsAndGlory!<11><BOT><>" connected, address "none"
L 06/18/2014 - 19:31:32: "<11><BOT><>" entered the game
L 06/18/2014 - 19:31:32: "GutsAndGlory!<11><BOT><Unassigned>" joined team "Blue"
L 06/18/2014 - 19:31:32: "GutsAndGlory!<11><BOT><Blue>" changed role to "pyro"
L 06/18/2014 - 19:31:32: rcon from "192.3.1.53:41176": command "tf_bot_add 10"
L 06/18/2014 - 19:31:33: "SomeDude<2><BOT><Blue>" disconnected (reason "Kicked from server")
L 06/18/2014 - 19:31:33: "GLaDOS<3><BOT><Red>" disconnected (reason "Kicked from server")
L 06/18/2014 - 19:31:33: "Headful of Eyeballs<5><BOT><Red>" disconnected (reason "Kicked from server")
L 06/18/2014 - 19:31:33: "Hostage<4><BOT><Blue>" disconnected (reason "Kicked from server")
L 06/18/2014 - 19:31:34: "CrySomeMore<6><BOT><Red>" disconnected (reason "Kicked from server")
L 06/18/2014 - 19:31:34: "Aperture Science Prototype XR7<7><BOT><Blue>" disconnected (reason "Kicked from server")
L 06/18/2014 - 19:31:34: "AimBot<9><BOT><Blue>" disconnected (reason "Kicked from server")
L 06/18/2014 - 19:31:34: "Humans Are Weak<8><BOT><Red>" disconnected (reason "Kicked from server")
L 06/18/2014 - 19:31:35: "GutsAndGlory!<11><BOT><Blue>" disconnected (reason "Kicked from server")
L 06/18/2014 - 19:31:35: "C++<10><BOT><Red>" disconnected (reason "Kicked from server")
L 06/18/2014 - 19:32:03: rcon from "192.3.1.53:41588": command "tf_bot_join_after_player 0"
L 06/18/2014 - 19:32:03: "Nobody<12><BOT><>" connected, address "none"
L 06/18/2014 - 19:32:03: "<12><BOT><>" entered the game
L 06/18/2014 - 19:32:03: "Nobody<12><BOT><Unassigned>" joined team "Blue"
L 06/18/2014 - 19:32:03: "Nobody<12><BOT><Blue>" changed role to "scout"
L 06/18/2014 - 19:32:03: "Nobody<12><BOT><Blue>" changed name to "Saxton Hale"
L 06/18/2014 - 19:32:04: "RageQuit<13><BOT><>" connected, address "none"
L 06/18/2014 - 19:32:04: "<13><BOT><>" entered the game
L 06/18/2014 - 19:32:04: "RageQuit<13><BOT><Unassigned>" joined team "Red"
L 06/18/2014 - 19:32:04: "RageQuit<13><BOT><Red>" changed role to "engineer"
L 06/18/2014 - 19:32:04: "RageQuit<13><BOT><Red>" changed name to "Screamin' Eagles"
L 06/18/2014 - 19:32:04: "Ze Ubermensch<14><BOT><>" connected, address "none"
L 06/18/2014 - 19:32:04: "<14><BOT><>" entered the game
L 06/18/2014 - 19:32:04: "Ze Ubermensch<14><BOT><Unassigned>" joined team "Blue"
L 06/18/2014 - 19:32:04: "Ze Ubermensch<14><BOT><Blue>" changed role to "soldier"
L 06/18/2014 - 19:32:04: "Ze Ubermensch<14><BOT><Blue>" changed name to "Maggot"
L 06/18/2014 - 19:32:04: "CRITRAWKETS<15><BOT><>" connected, address "none"
L 06/18/2014 - 19:32:04: "<15><BOT><>" entered the game
L 06/18/2014 - 19:32:04: "CRITRAWKETS<15><BOT><Unassigned>" joined team "Red"
L 06/18/2014 - 19:32:04: "CRITRAWKETS<15><BOT><Red>" changed role to "demoman"
L 06/18/2014 - 19:32:04: "CRITRAWKETS<15><BOT><Red>" changed name to "Herr Doktor"
L 06/18/2014 - 19:32:04: "Gentlemanne of Leisure<16><BOT><>" connected, address "none"
L 06/18/2014 - 19:32:04: "<16><BOT><>" entered the game
L 06/18/2014 - 19:32:04: "Gentlemanne of Leisure<16><BOT><Unassigned>" joined team "Blue"
L 06/18/2014 - 19:32:04: "Gentlemanne of Leisure<16><BOT><Blue>" changed role to "heavyweapons"
L 06/18/2014 - 19:32:04: "Gentlemanne of Leisure<16><BOT><Blue>" changed name to "Companion Cube"
L 06/18/2014 - 19:32:05: "Target Practice<17><BOT><>" connected, address "none"
L 06/18/2014 - 19:32:05: "<17><BOT><>" entered the game
L 06/18/2014 - 19:32:05: "Target Practice<17><BOT><Unassigned>" joined team "Red"
L 06/18/2014 - 19:32:05: "Target Practice<17><BOT><Red>" changed role to "heavyweapons"
L 06/18/2014 - 19:32:05: "Target Practice<17><BOT><Red>" changed name to "One-Man Cheeseburger Apocalypse"
L 06/18/2014 - 19:32:05: "Crowbar<18><BOT><>" connected, address "none"
L 06/18/2014 - 19:32:05: "<18><BOT><>" entered the game
L 06/18/2014 - 19:32:05: "Crowbar<18><BOT><Unassigned>" joined team "Blue"
L 06/18/2014 - 19:32:05: "Crowbar<18><BOT><Blue>" changed role to "medic"
L 06/18/2014 - 19:32:05: "Crowbar<18><BOT><Blue>" changed name to "Delicious Cake"
L 06/18/2014 - 19:32:05: "IvanTheSpaceBiker<19><BOT><>" connected, address "none"
L 06/18/2014 - 19:32:05: "<19><BOT><>" entered the game
L 06/18/2014 - 19:32:05: "IvanTheSpaceBiker<19><BOT><Unassigned>" joined team "Red"
L 06/18/2014 - 19:32:05: "IvanTheSpaceBiker<19><BOT><Red>" changed role to "medic"
L 06/18/2014 - 19:32:05: "IvanTheSpaceBiker<19><BOT><Red>" changed name to "I LIVE!"
L 06/18/2014 - 19:32:06: "Cannon Fodder<20><BOT><>" connected, address "none"
L 06/18/2014 - 19:32:06: "<20><BOT><>" entered the game
L 06/18/2014 - 19:32:06: "Cannon Fodder<20><BOT><Unassigned>" joined team "Blue"
L 06/18/2014 - 19:32:06: "Cannon Fodder<20><BOT><Blue>" changed role to "spy"
L 06/18/2014 - 19:32:06: "Cannon Fodder<20><BOT><Blue>" changed name to "trigger_hurt"
L 06/18/2014 - 19:32:06: "Nom Nom Nom<21><BOT><>" connected, address "none"
L 06/18/2014 - 19:32:06: "<21><BOT><>" entered the game
L 06/18/2014 - 19:32:06: "Nom Nom Nom<21><BOT><Unassigned>" joined team "Red"
L 06/18/2014 - 19:32:06: "Nom Nom Nom<21><BOT><Red>" changed role to "engineer"
L 06/18/2014 - 19:32:06: "Nom Nom Nom<21><BOT><Red>" changed name to "Divide by Zero"
L 06/18/2014 - 19:32:06: "GENTLE MANNE of LEISURE<22><BOT><>" connected, address "none"
L 06/18/2014 - 19:32:06: "<22><BOT><>" entered the game
L 06/18/2014 - 19:32:06: "GENTLE MANNE of LEISURE<22><BOT><Unassigned>" joined team "Blue"
L 06/18/2014 - 19:32:06: "GENTLE MANNE of LEISURE<22><BOT><Blue>" changed role to "soldier"
L 06/18/2014 - 19:32:06: "GENTLE MANNE of LEISURE<22><BOT><Blue>" changed name to "MoreGun"
L 06/18/2014 - 19:32:06: "Tiny Baby Man<23><BOT><>" connected, address "none"
L 06/18/2014 - 19:32:06: "<23><BOT><>" entered the game
L 06/18/2014 - 19:32:06: "Tiny Baby Man<23><BOT><Unassigned>" joined team "Red"
L 06/18/2014 - 19:32:06: "Tiny Baby Man<23><BOT><Red>" changed role to "spy"
L 06/18/2014 - 19:32:06: "Tiny Baby Man<23><BOT><Red>" changed name to "Big Mean Muther Hubbard"
L 06/18/2014 - 19:32:07: "Force of Nature<24><BOT><>" connected, address "none"
L 06/18/2014 - 19:32:07: "<24><BOT><>" entered the game
L 06/18/2014 - 19:32:07: "Force of Nature<24><BOT><Unassigned>" joined team "Blue"
L 06/18/2014 - 19:32:07: "Force of Nature<24><BOT><Blue>" changed role to "engineer"
L 06/18/2014 - 19:32:07: "Force of Nature<24><BOT><Blue>" changed name to "Crazed Gunman"
L 06/18/2014 - 19:32:07: server_cvar: "tf_bot_count" "13"
L 06/18/2014 - 19:32:07: server_cvar: "sv_tags" "bots,cp"
L 06/18/2014 - 19:32:07: "Grim Bloody Fable<25><BOT><>" connected, address "none"
L 06/18/2014 - 19:32:07: "<25><BOT><>" entered the game
L 06/18/2014 - 19:32:07: "Grim Bloody Fable<25><BOT><Unassigned>" joined team "Red"
L 06/18/2014 - 19:32:07: "Grim Bloody Fable<25><BOT><Red>" changed role to "demoman"
L 06/18/2014 - 19:32:07: "Grim Bloody Fable<25><BOT><Red>" changed name to "Poopy Joe"
L 06/18/2014 - 19:32:07: "A Professional With Standards<26><BOT><>" connected, address "none"
L 06/18/2014 - 19:32:07: "<26><BOT><>" entered the game
L 06/18/2014 - 19:32:07: "A Professional With Standards<26><BOT><Unassigned>" joined team "Blue"
L 06/18/2014 - 19:32:07: "A Professional With Standards<26><BOT><Blue>" changed role to "demoman"
L 06/18/2014 - 19:32:07: "A Professional With Standards<26><BOT><Blue>" changed name to "Freakin' Unbelievable"
L 06/18/2014 - 19:32:07: "SMELLY UNFORTUNATE<27><BOT><>" connected, address "none"
L 06/18/2014 - 19:32:07: "<27><BOT><>" entered the game
L 06/18/2014 - 19:32:07: "SMELLY UNFORTUNATE<27><BOT><Unassigned>" joined team "Red"
L 06/18/2014 - 19:32:07: "SMELLY UNFORTUNATE<27><BOT><Red>" changed role to "soldier"
L 06/18/2014 - 19:32:07: "SMELLY UNFORTUNATE<27><BOT><Red>" changed name to "The Administrator"
L 06/18/2014 - 19:32:08: "Mentlegen<28><BOT><>" connected, address "none"
L 06/18/2014 - 19:32:08: "<28><BOT><>" entered the game
L 06/18/2014 - 19:32:08: "Mentlegen<28><BOT><Unassigned>" joined team "Blue"
L 06/18/2014 - 19:32:08: "Mentlegen<28><BOT><Blue>" changed role to "pyro"
L 06/18/2014 - 19:32:08: "Mentlegen<28><BOT><Blue>" changed name to "Archimedes!"
L 06/18/2014 - 19:32:08: "Ribs Grow Back<29><BOT><>" connected, address "none"
L 06/18/2014 - 19:32:08: "<29><BOT><>" entered the game
L 06/18/2014 - 19:32:08: "Ribs Grow Back<29><BOT><Unassigned>" joined team "Red"
L 06/18/2014 - 19:32:08: "Ribs Grow Back<29><BOT><Red>" changed role to "soldier"
L 06/18/2014 - 19:32:08: "Ribs Grow Back<29><BOT><Red>" changed name to "It's Filthy in There!"
L 06/18/2014 - 19:32:08: "Mega Baboon<30><BOT><>" connected, address "none"
L 06/18/2014 - 19:32:08: "<30><BOT><>" entered the game
L 06/18/2014 - 19:32:08: "Mega Baboon<30><BOT><Unassigned>" joined team "Blue"
L 06/18/2014 - 19:32:08: "Mega Baboon<30><BOT><Blue>" changed role to "soldier"
L 06/18/2014 - 19:32:08: "Mega Baboon<30><BOT><Blue>" changed name to "Kill Me"
L 06/18/2014 - 19:32:08: "Chucklenuts<31><BOT><>" connected, address "none"
L 06/18/2014 - 19:32:08: "<31><BOT><>" entered the game
L 06/18/2014 - 19:32:08: "Chucklenuts<31><BOT><Unassigned>" joined team "Red"
L 06/18/2014 - 19:32:08: "Chucklenuts<31><BOT><Red>" changed role to "demoman"
L 06/18/2014 - 19:32:08: "Chucklenuts<31><BOT><Red>" changed name to "CryBaby"
L 06/18/2014 - 19:32:09: World triggered "Round_Start"
L 06/18/2014 - 19:32:09: World triggered "Round_Setup_Begin"
L 06/18/2014 - 19:32:12: server_cvar: "tf_bot_count" "20"
L 06/18/2014 - 19:32:14: "WITCH<32><BOT><>" connected, address "none"
L 06/18/2014 - 19:32:14: "<32><BOT><>" entered the game
L 06/18/2014 - 19:32:14: "WITCH<32><BOT><Unassigned>" joined team "Blue"
L 06/18/2014 - 19:32:14: "WITCH<32><BOT><Blue>" changed role to "demoman"
L 06/18/2014 - 19:32:14: "ThatGuy<33><BOT><>" connected, address "none"
L 06/18/2014 - 19:32:14: "<33><BOT><>" entered the game
L 06/18/2014 - 19:32:14: "ThatGuy<33><BOT><Unassigned>" joined team "Red"
L 06/18/2014 - 19:32:14: "ThatGuy<33><BOT><Red>" changed role to "soldier"
L 06/18/2014 - 19:32:14: "Still Alive<34><BOT><>" connected, address "none"
L 06/18/2014 - 19:32:14: "<34><BOT><>" entered the game
L 06/18/2014 - 19:32:14: "Still Alive<34><BOT><Unassigned>" joined team "Blue"
L 06/18/2014 - 19:32:14: "Still Alive<34><BOT><Blue>" changed role to "pyro"
L 06/18/2014 - 19:32:14: "Hat-Wearing MAN<35><BOT><>" connected, address "none"
L 06/18/2014 - 19:32:14: "<35><BOT><>" entered the game
L 06/18/2014 - 19:32:14: "Hat-Wearing MAN<35><BOT><Unassigned>" joined team "Red"
L 06/18/2014 - 19:32:14: "Hat-Wearing MAN<35><BOT><Red>" changed role to "sniper"
L 06/18/2014 - 19:32:14: rcon from "192.3.1.53:41756": command "tf_bot_add 5"
L 06/18/2014 - 19:32:15: "Saxton Hale<12><BOT><Blue>" disconnected (reason "Kicked from server")
L 06/18/2014 - 19:32:17: server_cvar: "tf_bot_count" "23"
L 06/18/2014 - 19:32:50: rcon from "192.3.1.53:42285": command "sm_forcebalance"
L 06/18/2014 - 19:33:09: World triggered "Round_Setup_End"
L 06/18/2014 - 19:33:14: rcon from "192.3.1.53:42657": command "sm_scramble"
L 06/18/2014 - 19:33:19: "I LIVE!<19><BOT><Blue>" changed role to "scout"
L 06/18/2014 - 19:33:19: "Maggot<14><BOT><Red>" changed role to "medic"
L 06/18/2014 - 19:33:19: "Herr Doktor<15><BOT><Blue>" changed role to "sniper"
L 06/18/2014 - 19:33:19: "Big Mean Muther Hubbard<23><BOT><Blue>" changed role to "scout"
L 06/18/2014 - 19:33:19: "Freakin' Unbelievable<26><BOT><Red>" changed role to "soldier"
L 06/18/2014 - 19:33:19: "CryBaby<31><BOT><Blue>" changed role to "soldier"
L 06/18/2014 - 19:33:19: "Poopy Joe<25><BOT><Blue>" changed role to "pyro"
L 06/18/2014 - 19:33:19: "Divide by Zero<21><BOT><Blue>" changed role to "demoman"
L 06/18/2014 - 19:33:19: "MoreGun<22><BOT><Red>" changed role to "demoman"
L 06/18/2014 - 19:33:19: "WITCH<32><BOT><Red>" changed role to "soldier"
L 06/18/2014 - 19:35:34: Sending CMsgGameServerMatchmakingStatus (state=ServerMatchmakingState_NOT_PARTICIPATING)
L 06/18/2014 - 19:35:34: server_cvar: "mp_scrambleteams_auto" "0"
L 06/18/2014 - 19:35:34: server_cvar: "sm_nextmap" "cp_snakewater_final1"
L 06/18/2014 - 19:35:36: Connection to Steam servers successful.
L 06/18/2014 - 19:35:36:    Public IP is 80.240.134.134.
L 06/18/2014 - 19:35:36: Assigned anonymous gameserver Steam ID [A-1:372773896(4394)].
L 06/18/2014 - 19:35:36: VAC secure mode is activated.
L 06/18/2014 - 19:35:37: tf_server_identity_account_id not set; not logging into registered account
L 06/18/2014 - 19:35:56: rcon from "192.3.1.53:44872": command "status"
L 06/18/2014 - 19:36:38: rcon from "192.3.1.53:45481": command "tf_bot_join_after_player 0"
L 06/18/2014 - 19:36:52: rcon from "192.3.1.53:45645": command "tf_bot_quota 5"
L 06/18/2014 - 19:37:01: "CreditToTeam<2><BOT><>" connected, address "none"
L 06/18/2014 - 19:37:01: "<2><BOT><>" entered the game
L 06/18/2014 - 19:37:01: "CreditToTeam<2><BOT><Unassigned>" joined team "Blue"
L 06/18/2014 - 19:37:01: "CreditToTeam<2><BOT><Blue>" changed role to "scout"
L 06/18/2014 - 19:37:01: "BoomerBile<3><BOT><>" connected, address "none"
L 06/18/2014 - 19:37:01: "<3><BOT><>" entered the game
L 06/18/2014 - 19:37:01: "BoomerBile<3><BOT><Unassigned>" joined team "Red"
L 06/18/2014 - 19:37:01: "BoomerBile<3><BOT><Red>" changed role to "scout"
L 06/18/2014 - 19:37:01: "Someone Else<4><BOT><>" connected, address "none"
L 06/18/2014 - 19:37:01: "<4><BOT><>" entered the game
L 06/18/2014 - 19:37:01: "Someone Else<4><BOT><Unassigned>" joined team "Red"
L 06/18/2014 - 19:37:01: "Someone Else<4><BOT><Red>" changed role to "soldier"
L 06/18/2014 - 19:37:01: "Mann Co.<5><BOT><>" connected, address "none"
L 06/18/2014 - 19:37:01: "<5><BOT><>" entered the game
L 06/18/2014 - 19:37:01: "Mann Co.<5><BOT><Unassigned>" joined team "Blue"
L 06/18/2014 - 19:37:01: "Mann Co.<5><BOT><Blue>" changed role to "demoman"
L 06/18/2014 - 19:37:01: "Dog<6><BOT><>" connected, address "none"
L 06/18/2014 - 19:37:01: "<6><BOT><>" entered the game
L 06/18/2014 - 19:37:01: "Dog<6><BOT><Unassigned>" joined team "Red"
L 06/18/2014 - 19:37:01: "Dog<6><BOT><Red>" changed role to "heavyweapons"
L 06/18/2014 - 19:37:01: rcon from "192.3.1.53:45783": command "tf_bot_add 5"
L 06/18/2014 - 19:37:03: "Kaboom!<7><BOT><>" connected, address "none"
L 06/18/2014 - 19:37:03: "<7><BOT><>" entered the game
L 06/18/2014 - 19:37:03: "Kaboom!<7><BOT><Unassigned>" joined team "Blue"
L 06/18/2014 - 19:37:03: "Kaboom!<7><BOT><Blue>" changed role to "heavyweapons"
L 06/18/2014 - 19:37:03: "Kaboom!<7><BOT><Blue>" changed name to "AmNot"
L 06/18/2014 - 19:37:03: "0xDEADBEEF<8><BOT><>" connected, address "none"
L 06/18/2014 - 19:37:03: "<8><BOT><>" entered the game
L 06/18/2014 - 19:37:03: "0xDEADBEEF<8><BOT><Unassigned>" joined team "Red"
L 06/18/2014 - 19:37:03: "0xDEADBEEF<8><BOT><Red>" changed role to "medic"
L 06/18/2014 - 19:37:03: "0xDEADBEEF<8><BOT><Red>" changed name to "HI THERE"
L 06/18/2014 - 19:37:03: "SomeDude<9><BOT><>" connected, address "none"
L 06/18/2014 - 19:37:03: "<9><BOT><>" entered the game
L 06/18/2014 - 19:37:03: "SomeDude<9><BOT><Unassigned>" joined team "Blue"
L 06/18/2014 - 19:37:03: "SomeDude<9><BOT><Blue>" changed role to "medic"
L 06/18/2014 - 19:37:03: "SomeDude<9><BOT><Blue>" changed name to "GLaDOS"
L 06/18/2014 - 19:37:03: "Hostage<10><BOT><>" connected, address "none"
L 06/18/2014 - 19:37:03: "<10><BOT><>" entered the game
L 06/18/2014 - 19:37:03: "Hostage<10><BOT><Unassigned>" joined team "Blue"
L 06/18/2014 - 19:37:03: "Hostage<10><BOT><Blue>" changed role to "engineer"
L 06/18/2014 - 19:37:03: "Hostage<10><BOT><Blue>" changed name to "Headful of Eyeballs"
L 06/18/2014 - 19:37:04: "CrySomeMore<11><BOT><>" connected, address "none"
L 06/18/2014 - 19:37:04: "<11><BOT><>" entered the game
L 06/18/2014 - 19:37:04: "CrySomeMore<11><BOT><Unassigned>" joined team "Red"
L 06/18/2014 - 19:37:04: "CrySomeMore<11><BOT><Red>" changed role to "pyro"
L 06/18/2014 - 19:37:04: "CrySomeMore<11><BOT><Red>" changed name to "Aperture Science Prototype XR7"
L 06/18/2014 - 19:37:07: server_cvar: "tf_bot_count" "10"
L 06/18/2014 - 19:37:07: server_cvar: "sv_tags" "bots,cp"
L 06/18/2014 - 19:37:19: rcon from "192.3.1.53:45992": command "sm_scramble"
L 06/18/2014 - 19:37:24: "Dog<6><BOT><Blue>" changed role to "demoman"
L 06/18/2014 - 19:37:24: "Headful of Eyeballs<10><BOT><Red>" changed role to "demoman"
L 06/18/2014 - 19:37:24: "Mann Co.<5><BOT><Red>" changed role to "soldier"
L 06/18/2014 - 19:37:24: "Aperture Science Prototype XR7<11><BOT><Blue>" changed role to "scout"
L 06/18/2014 - 19:37:32: World triggered "Round_Start"
